<?xml version="1.0" encoding="UTF-8"?>
<!-- Generated by org.testng.reporters.JUnitReportReporter -->
<testsuite hostname="DESKTOP-9DLGQV9" failures="0" tests="3" name="TestScript.FBHomePageTest" time="13.208" errors="0" timestamp="2023-05-24T15:34:54 IST" skipped="0">
  <testcase classname="TestScript.FBHomePageTest" name="LoginTest" time="0.414"/>
  <system-out/>
  <testcase classname="TestScript.FBHomePageTest" name="HomePageTest" time="12.498"/>
  <system-out/>
  <testcase classname="TestScript.FBHomePageTest" name="ScreenShot" time="0.296"/>
  <system-out/>
</testsuite> <!-- TestScript.FBHomePageTest -->
